<?xml version="1.0" encoding="UTF-8"?>
<!-- Generated by org.testng.reporters.JUnitReportReporter -->
<testsuite hostname="LTIN217824" failures="0" tests="1" name="testCases.TC_001_SearchCourses" time="9.007" errors="0" timestamp="2024-02-05T18:04:52 IST" skipped="0">
  <testcase classname="testCases.TC_001_SearchCourses" name="coursesInfo" time="9.007"/>
</testsuite> <!-- testCases.TC_001_SearchCourses -->
