<?xml version="1.0" encoding="UTF-8"?>
<!-- Generated by org.testng.reporters.JUnitReportReporter -->
<testsuite hostname="LTIN217824" failures="0" tests="2" name="testCases.TC_002_LanguageLearning" time="19.454" errors="0" timestamp="2024-02-05T18:04:52 IST" skipped="0">
  <testcase classname="testCases.TC_002_LanguageLearning" name="coursesInfo" time="7.609"/>
  <testcase classname="testCases.TC_002_LanguageLearning" name="searchLanguageLearning" time="11.845"/>
</testsuite> <!-- testCases.TC_002_LanguageLearning -->
