<?xml version="1.0" encoding="UTF-8"?>
<!-- Generated by org.testng.reporters.JUnitReportReporter -->
<testsuite hostname="LTIN217824" failures="0" tests="8" name="testCases.TC_003_FormDetails" time="332.072" errors="0" timestamp="2024-02-16T09:51:37 IST" skipped="0">
  <testcase classname="testCases.TC_003_FormDetails" name="searchCourses" time="11.112"/>
  <testcase classname="testCases.TC_003_FormDetails" name="applyFilters" time="3.854"/>
  <testcase classname="testCases.TC_003_FormDetails" name="coursesDetails" time="4.812"/>
  <testcase classname="testCases.TC_003_FormDetails" name="searchLanguageLearning" time="16.285"/>
  <testcase classname="testCases.TC_003_FormDetails" name="printCoursesCount" time="220.149"/>
  <testcase classname="testCases.TC_003_FormDetails" name="navigateToForm" time="68.213"/>
  <testcase classname="testCases.TC_003_FormDetails" name="fillFormWithInvalidInput" time="7.417"/>
  <testcase classname="testCases.TC_003_FormDetails" name="validateErrorMessage" time="0.230"/>
</testsuite> <!-- testCases.TC_003_FormDetails -->
