<?xml version="1.0" encoding="UTF-8"?>
<!-- Generated by org.testng.reporters.JUnitReportReporter -->
<testsuite hostname="LTIN217824" failures="0" tests="8" name="testCases.TC_003_FormDetails" time="335.570" errors="0" timestamp="2024-02-13T09:51:14 IST" skipped="0">
  <testcase classname="testCases.TC_003_FormDetails" name="searchCourses" time="11.968"/>
  <testcase classname="testCases.TC_003_FormDetails" name="applyFilters" time="7.683"/>
  <testcase classname="testCases.TC_003_FormDetails" name="coursesDetails" time="6.620"/>
  <testcase classname="testCases.TC_003_FormDetails" name="searchLanguageLearning" time="14.918"/>
  <testcase classname="testCases.TC_003_FormDetails" name="printCoursesCount" time="222.497"/>
  <testcase classname="testCases.TC_003_FormDetails" name="navigateToForm" time="64.740"/>
  <testcase classname="testCases.TC_003_FormDetails" name="fillFormWithInvalidInput" time="6.885"/>
  <testcase classname="testCases.TC_003_FormDetails" name="validateErrorMessage" time="0.259"/>
</testsuite> <!-- testCases.TC_003_FormDetails -->
