<?xml version="1.0" encoding="UTF-8"?>
<!-- Generated by org.testng.reporters.JUnitReportReporter -->
<testsuite hostname="LTIN217824" failures="0" tests="8" name="testCases.TC_003_FormDetails" time="393.778" errors="0" timestamp="2024-02-12T16:36:54 IST" skipped="0">
  <testcase classname="testCases.TC_003_FormDetails" name="searchCourses" time="10.009"/>
  <testcase classname="testCases.TC_003_FormDetails" name="applyFilters" time="5.261"/>
  <testcase classname="testCases.TC_003_FormDetails" name="coursesDetails" time="10.059"/>
  <testcase classname="testCases.TC_003_FormDetails" name="searchLanguageLearning" time="18.425"/>
  <testcase classname="testCases.TC_003_FormDetails" name="printCoursesCount" time="269.017"/>
  <testcase classname="testCases.TC_003_FormDetails" name="navigateToForm" time="71.552"/>
  <testcase classname="testCases.TC_003_FormDetails" name="fillFormWithInvalidInput" time="8.943"/>
  <testcase classname="testCases.TC_003_FormDetails" name="validateErrorMessage" time="0.512"/>
</testsuite> <!-- testCases.TC_003_FormDetails -->
